TN:
SF:src\controllers\user-ctrl.js
FN:5,create
FN:25,changePassword
FNF:2
FNH:1
FNDA:3,create
FNDA:0,changePassword
DA:1,1
DA:2,1
DA:3,1
DA:4,1
DA:5,1
DA:6,3
DA:7,3
DA:8,3
DA:9,3
DA:10,1
DA:11,1
DA:12,2
DA:13,3
DA:14,0
DA:15,0
DA:16,2
DA:17,2
DA:18,2
DA:19,2
DA:20,2
DA:21,1
DA:22,1
DA:23,3
DA:24,1
DA:25,1
DA:26,0
DA:27,0
DA:28,0
DA:29,0
DA:30,0
DA:31,1
DA:32,1
DA:33,1
LF:33
LH:26
BRDA:5,0,0,3
BRDA:9,1,0,2
BRDA:9,2,0,1
BRDA:13,3,0,0
BRDA:15,4,0,2
BRDA:20,5,0,1
BRDA:21,6,0,0
BRDA:21,7,0,0
BRF:8
BRH:5
end_of_record
TN:
SF:src\schemas\User.js
FNF:0
FNH:0
DA:1,1
DA:2,1
DA:3,1
DA:4,1
DA:5,1
DA:6,1
DA:7,1
DA:8,1
DA:9,1
LF:9
LH:9
BRF:0
BRH:0
end_of_record
TN:
SF:src\services\user-service.js
FN:4,createUser
FN:14,userExistsAndCheckPassword
FNF:2
FNH:2
FNDA:2,createUser
FNDA:1,userExistsAndCheckPassword
DA:1,1
DA:2,1
DA:3,1
DA:4,1
DA:5,2
DA:6,2
DA:7,2
DA:8,2
DA:9,2
DA:10,2
DA:11,2
DA:12,2
DA:13,1
DA:14,1
DA:15,1
DA:16,1
DA:17,1
DA:18,1
DA:19,1
DA:20,0
DA:21,0
DA:22,0
DA:23,0
DA:24,0
DA:25,0
DA:26,0
DA:27,1
DA:28,1
DA:29,1
LF:29
LH:22
BRDA:4,0,0,2
BRDA:14,1,0,1
BRDA:19,2,0,0
BRF:3
BRH:2
end_of_record
TN:
SF:src\utils\email-validator.js
FN:2,isValid
FNF:1
FNH:1
FNDA:2,isValid
DA:1,1
DA:2,1
DA:3,2
DA:4,0
DA:5,0
DA:6,2
DA:7,2
DA:8,2
DA:9,2
DA:10,1
DA:11,1
DA:12,1
LF:12
LH:10
BRDA:2,0,0,2
BRDA:3,1,0,0
BRF:2
BRH:1
end_of_record
TN:
SF:src\utils\errors\confict-exception.js
FN:2,ConflictException
FNF:1
FNH:0
FNDA:0,ConflictException
DA:1,1
DA:2,1
DA:3,0
DA:4,0
DA:5,0
DA:6,1
DA:7,1
DA:8,1
LF:8
LH:5
BRF:0
BRH:0
end_of_record
TN:
SF:tests\units\mocks\http-mocks.js
FN:23,status
FN:26,json
FNF:2
FNH:2
FNDA:3,status
FNDA:3,json
DA:1,1
DA:2,1
DA:3,1
DA:4,1
DA:5,1
DA:6,1
DA:7,1
DA:8,1
DA:9,1
DA:10,1
DA:11,1
DA:12,1
DA:13,1
DA:14,1
DA:15,1
DA:16,1
DA:17,1
DA:18,1
DA:19,1
DA:20,1
DA:21,1
DA:22,1
DA:23,1
DA:24,3
DA:25,3
DA:26,3
DA:27,3
DA:28,3
DA:29,3
DA:30,3
DA:31,1
LF:31
LH:31
BRDA:23,0,0,3
BRDA:26,1,0,3
BRF:2
BRH:2
end_of_record
